  Building Custom Rule C:/Users/diogo/Desktop/MIEI/4th Year/2nd Semester/Perfil 2 - Computação Gráfica/Visão e Iluminação II/nau/contrib/glbinding-master/source/glbinding/CMakeLists.txt
  Binding_pch.cpp
  callbacks.cpp
  AbstractFunction.cpp
  AbstractValue.cpp
  Binding.cpp
  CallbackMask.cpp
  FunctionCall.cpp
  ProcAddress.cpp
  ContextHandle.cpp
  ContextInfo.cpp
  Value.cpp
  Version.cpp
  Version_ValidVersions.cpp
  Meta.cpp
  Meta_getStringByBitfield.cpp
  Meta_BitfieldsByString.cpp
  Meta_BooleansByString.cpp
  Meta_EnumsByString.cpp
  Meta_ExtensionsByFunctionString.cpp
  Meta_ExtensionsByString.cpp
  Meta_FunctionStringsByExtension.cpp
  Meta_FunctionStringsByVersion.cpp
  Meta_ReqVersionsByExtension.cpp
  Meta_StringsByBitfield.cpp
  Meta_StringsByBoolean.cpp
  Meta_StringsByEnum.cpp
  Meta_StringsByExtension.cpp
  logging.cpp
  types.cpp
  boolean.cpp
  functions-patches.cpp
  Binding_list.cpp
  Binding_objects_0.cpp
  Binding_objects_a.cpp
  Binding_objects_b.cpp
  Binding_objects_c.cpp
  Binding_objects_d.cpp
  Binding_objects_e.cpp
  Binding_objects_f.cpp
  Binding_objects_g.cpp
  Binding_objects_h.cpp
  Binding_objects_i.cpp
  Binding_objects_j.cpp
  Binding_objects_k.cpp
  Binding_objects_l.cpp
  Binding_objects_m.cpp
  Binding_objects_n.cpp
  Binding_objects_o.cpp
  Binding_objects_p.cpp
  Binding_objects_q.cpp
  Binding_objects_r.cpp
  Binding_objects_s.cpp
  Binding_objects_t.cpp
  Binding_objects_u.cpp
  Binding_objects_v.cpp
  Binding_objects_w.cpp
  Binding_objects_x.cpp
  Binding_objects_y.cpp
  Binding_objects_z.cpp
  functions_0.cpp
  functions_a.cpp
  functions_b.cpp
  functions_c.cpp
  functions_d.cpp
  functions_e.cpp
  functions_f.cpp
  functions_g.cpp
  functions_h.cpp
  functions_i.cpp
  functions_j.cpp
  functions_k.cpp
  functions_l.cpp
  functions_m.cpp
  functions_n.cpp
  functions_o.cpp
  functions_p.cpp
  functions_q.cpp
  functions_r.cpp
  functions_s.cpp
  functions_t.cpp
  functions_u.cpp
  functions_v.cpp
  functions_w.cpp
  functions_x.cpp
  functions_y.cpp
  functions_z.cpp
  glbinding.vcxproj -> C:\Users\diogo\Desktop\MIEI\4th Year\2nd Semester\Perfil 2 - Computação Gráfica\Visão e Iluminação II\contrib\glbinding-master\Release\glbinding.lib
